#
# There is insufficient memory for the Java Runtime Environment to continue.
# Native memory allocation (malloc) failed to allocate 945136 bytes for Chunk::new
# Possible reasons:
#   The system is out of physical RAM or swap space
#   The process is running with CompressedOops enabled, and the Java Heap may be blocking the growth of the native heap
# Possible solutions:
#   Reduce memory load on the system
#   Increase physical memory or swap space
#   Check if swap backing store is full
#   Decrease Java heap size (-Xmx/-Xms)
#   Decrease number of Java threads
#   Decrease Java thread stack sizes (-Xss)
#   Set larger code cache with -XX:ReservedCodeCacheSize=
#   JVM is running with Unscaled Compressed Oops mode in which the Java heap is
#     placed in the first 4GB address space. The Java Heap base address is the
#     maximum limit for the native heap growth. Please use -XX:HeapBaseMinAddress
#     to set the Java Heap base and to place the Java Heap above 4GB virtual address.
# This output file may be truncated or incomplete.
#
#  Out of Memory Error (arena.cpp:189), pid=7364, tid=13032
#
# JRE version: Java(TM) SE Runtime Environment (17.0.10+11) (build 17.0.10+11-LTS-240)
# Java VM: Java HotSpot(TM) 64-Bit Server VM (17.0.10+11-LTS-240, mixed mode, sharing, tiered, compressed oops, compressed class ptrs, g1 gc, windows-amd64)
# No core dump will be written. Minidumps are not enabled by default on client versions of Windows
#

---------------  S U M M A R Y ------------

Command Line: -javaagent:C:\Program Files\JetBrains\IntelliJ IDEA Community Edition 2024.1.4\lib\idea_rt.jar=54085:C:\Program Files\JetBrains\IntelliJ IDEA Community Edition 2024.1.4\bin -Dfile.encoding=UTF-8 com.app.springJwt.SpringJwtApplication

Host: Intel(R) Core(TM) i3-7020U CPU @ 2.30GHz, 4 cores, 3G,  Windows 10 , 64 bit Build 19041 (10.0.19041.4717)
Time: Thu Jul 25 13:40:19 2024 India Standard Time elapsed time: 14.771532 seconds (0d 0h 0m 14s)

---------------  T H R E A D  ---------------

Current thread (0x000001ed44129230):  JavaThread "C2 CompilerThread0" daemon [_thread_in_native, id=13032, stack(0x0000000664700000,0x0000000664800000)]


Current CompileTask:
C2:  14771 4839   !   4       java.util.jar.JarFile::getManifestFromReference (197 bytes)

Stack: [0x0000000664700000,0x0000000664800000]
Native frames: (J=compiled Java code, j=interpreted, Vv=VM code, C=native code)
V  [jvm.dll+0x677a5a]
V  [jvm.dll+0x7d8b2d]
V  [jvm.dll+0x7da48e]
V  [jvm.dll+0x7daaf3]
V  [jvm.dll+0x2455ff]
V  [jvm.dll+0xaaafb]
V  [jvm.dll+0xab09c]
V  [jvm.dll+0x361bae]
V  [jvm.dll+0x32c211]
V  [jvm.dll+0x32b6aa]
V  [jvm.dll+0x21794f]
V  [jvm.dll+0x216d81]
V  [jvm.dll+0x1a3410]
V  [jvm.dll+0x226aeb]
V  [jvm.dll+0x224cab]
V  [jvm.dll+0x78e45c]
V  [jvm.dll+0x78888a]
V  [jvm.dll+0x676935]
C  [ucrtbase.dll+0x21bb2]
C  [KERNEL32.DLL+0x17374]
C  [ntdll.dll+0x4cc91]


---------------  P R O C E S S  ---------------

Threads class SMR info:
_java_thread_list=0x000001ed49e18180, length=21, elements={
0x000001ed676e0ab0, 0x000001ed677a12f0, 0x000001ed677a1dc0, 0x000001ed44122690,
0x000001ed44125070, 0x000001ed44125d50, 0x000001ed44126620, 0x000001ed44129230,
0x000001ed44186f10, 0x000001ed4418f420, 0x000001ed441feaf0, 0x000001ed44595c40,
0x000001ed44596120, 0x000001ed4919a6f0, 0x000001ed44dbe120, 0x000001ed4a5c3340,
0x000001ed4a5c1f00, 0x000001ed4a5c3850, 0x000001ed4a5c3d60, 0x000001ed4a5c14e0,
0x000001ed4a5c4270
}

Java Threads: ( => current thread )
  0x000001ed676e0ab0 JavaThread "main" [_thread_blocked, id=1488, stack(0x0000000663a00000,0x0000000663b00000)]
  0x000001ed677a12f0 JavaThread "Reference Handler" daemon [_thread_blocked, id=3260, stack(0x0000000664100000,0x0000000664200000)]
  0x000001ed677a1dc0 JavaThread "Finalizer" daemon [_thread_blocked, id=7860, stack(0x0000000664200000,0x0000000664300000)]
  0x000001ed44122690 JavaThread "Signal Dispatcher" daemon [_thread_blocked, id=10652, stack(0x0000000664300000,0x0000000664400000)]
  0x000001ed44125070 JavaThread "Attach Listener" daemon [_thread_blocked, id=10880, stack(0x0000000664400000,0x0000000664500000)]
  0x000001ed44125d50 JavaThread "Service Thread" daemon [_thread_blocked, id=6400, stack(0x0000000664500000,0x0000000664600000)]
  0x000001ed44126620 JavaThread "Monitor Deflation Thread" daemon [_thread_blocked, id=8784, stack(0x0000000664600000,0x0000000664700000)]
=>0x000001ed44129230 JavaThread "C2 CompilerThread0" daemon [_thread_in_native, id=13032, stack(0x0000000664700000,0x0000000664800000)]
  0x000001ed44186f10 JavaThread "C1 CompilerThread0" daemon [_thread_blocked, id=2912, stack(0x0000000664800000,0x0000000664900000)]
  0x000001ed4418f420 JavaThread "Sweeper thread" daemon [_thread_blocked, id=10788, stack(0x0000000664900000,0x0000000664a00000)]
  0x000001ed441feaf0 JavaThread "Common-Cleaner" daemon [_thread_blocked, id=9472, stack(0x0000000664a00000,0x0000000664b00000)]
  0x000001ed44595c40 JavaThread "Monitor Ctrl-Break" daemon [_thread_in_native, id=14176, stack(0x0000000664b00000,0x0000000664c00000)]
  0x000001ed44596120 JavaThread "Notification Thread" daemon [_thread_blocked, id=10300, stack(0x0000000664c00000,0x0000000664d00000)]
  0x000001ed4919a6f0 JavaThread "Thread-0" [_thread_blocked, id=9476, stack(0x0000000665100000,0x0000000665200000)]
  0x000001ed44dbe120 JavaThread "restartedMain" [_thread_in_Java, id=10752, stack(0x0000000665200000,0x0000000665300000)]
  0x000001ed4a5c3340 JavaThread "Catalina-utility-1" [_thread_blocked, id=10804, stack(0x0000000665300000,0x0000000665400000)]
  0x000001ed4a5c1f00 JavaThread "Catalina-utility-2" [_thread_blocked, id=7608, stack(0x0000000665400000,0x0000000665500000)]
  0x000001ed4a5c3850 JavaThread "container-0" [_thread_blocked, id=12636, stack(0x0000000665500000,0x0000000665600000)]
  0x000001ed4a5c3d60 JavaThread "mysql-cj-abandoned-connection-cleanup" daemon [_thread_blocked, id=1524, stack(0x0000000665600000,0x0000000665700000)]
  0x000001ed4a5c14e0 JavaThread "HikariPool-1 housekeeper" daemon [_thread_blocked, id=5804, stack(0x0000000665800000,0x0000000665900000)]
  0x000001ed4a5c4270 JavaThread "HikariPool-1 connection adder" daemon [_thread_blocked, id=14004, stack(0x0000000665900000,0x0000000665a00000)]

Other Threads:
  0x000001ed67799050 VMThread "VM Thread" [stack: 0x0000000664000000,0x0000000664100000] [id=8364]
  0x000001ed44711dc0 WatcherThread [stack: 0x0000000664d00000,0x0000000664e00000] [id=11592]
  0x000001ed6771b4c0 GCTaskThread "GC Thread#0" [stack: 0x0000000663b00000,0x0000000663c00000] [id=1368]
  0x000001ed448601e0 GCTaskThread "GC Thread#1" [stack: 0x0000000664e00000,0x0000000664f00000] [id=1484]
  0x000001ed44a97180 GCTaskThread "GC Thread#2" [stack: 0x0000000664f00000,0x0000000665000000] [id=6632]
  0x000001ed44a43c60 GCTaskThread "GC Thread#3" [stack: 0x0000000665000000,0x0000000665100000] [id=9376]
  0x000001ed677264c0 ConcurrentGCThread "G1 Main Marker" [stack: 0x0000000663c00000,0x0000000663d00000] [id=9796]
  0x000001ed67727580 ConcurrentGCThread "G1 Conc#0" [stack: 0x0000000663d00000,0x0000000663e00000] [id=2956]
  0x000001ed677770f0 ConcurrentGCThread "G1 Refine#0" [stack: 0x0000000663e00000,0x0000000663f00000] [id=11372]
  0x000001ed67777a30 ConcurrentGCThread "G1 Service" [stack: 0x0000000663f00000,0x0000000664000000] [id=9996]

Threads with active compile tasks:
C2 CompilerThread0    14830 4839   !   4       java.util.jar.JarFile::getManifestFromReference (197 bytes)

VM state: not at safepoint (normal execution)

VM Mutex/Monitor currently owned by a thread: None

Heap address: 0x00000000c1400000, size: 1004 MB, Compressed Oops mode: 32-bit

CDS archive(s) mapped at: [0x000001ed03000000-0x000001ed03bd0000-0x000001ed03bd0000), size 12386304, SharedBaseAddress: 0x000001ed03000000, ArchiveRelocationMode: 1.
Compressed class space mapped at: 0x000001ed04000000-0x000001ed44000000, reserved size: 1073741824
Narrow klass base: 0x000001ed03000000, Narrow klass shift: 0, Narrow klass range: 0x100000000

GC Precious Log:
 CPUs: 4 total, 4 available
 Memory: 4011M
 Large Page Support: Disabled
 NUMA Support: Disabled
 Compressed Oops: Enabled (32-bit)
 Heap Region Size: 1M
 Heap Min Capacity: 8M
 Heap Initial Capacity: 64M
 Heap Max Capacity: 1004M
 Pre-touch: Disabled
 Parallel Workers: 4
 Concurrent Workers: 1
 Concurrent Refinement Workers: 4
 Periodic GC: Disabled

Heap:
 garbage-first heap   total 55296K, used 26714K [0x00000000c1400000, 0x0000000100000000)
  region size 1024K, 6 young (6144K), 2 survivors (2048K)
 Metaspace       used 50103K, committed 50560K, reserved 1114112K
  class space    used 6518K, committed 6720K, reserved 1048576K

Heap Regions: E=young(eden), S=young(survivor), O=old, HS=humongous(starts), HC=humongous(continues), CS=collection set, F=free, OA=open archive, CA=closed archive, TAMS=top-at-mark-start (previous, next)
|   0|0x00000000c1400000, 0x00000000c1500000, 0x00000000c1500000|100%|HS|  |TAMS 0x00000000c1500000, 0x00000000c1400000| Complete 
|   1|0x00000000c1500000, 0x00000000c1600000, 0x00000000c1600000|100%| O|  |TAMS 0x00000000c1600000, 0x00000000c1500000| Untracked 
|   2|0x00000000c1600000, 0x00000000c1700000, 0x00000000c1700000|100%| O|  |TAMS 0x00000000c1700000, 0x00000000c1600000| Untracked 
|   3|0x00000000c1700000, 0x00000000c1800000, 0x00000000c1800000|100%| O|  |TAMS 0x00000000c1800000, 0x00000000c1700000| Untracked 
|   4|0x00000000c1800000, 0x00000000c1900000, 0x00000000c1900000|100%| O|  |TAMS 0x00000000c1900000, 0x00000000c1800000| Untracked 
|   5|0x00000000c1900000, 0x00000000c1a00000, 0x00000000c1a00000|100%| O|  |TAMS 0x00000000c1a00000, 0x00000000c1900000| Untracked 
|   6|0x00000000c1a00000, 0x00000000c1b00000, 0x00000000c1b00000|100%| O|  |TAMS 0x00000000c1b00000, 0x00000000c1a00000| Untracked 
|   7|0x00000000c1b00000, 0x00000000c1c00000, 0x00000000c1c00000|100%| O|  |TAMS 0x00000000c1c00000, 0x00000000c1b00000| Untracked 
|   8|0x00000000c1c00000, 0x00000000c1d00000, 0x00000000c1d00000|100%| O|  |TAMS 0x00000000c1d00000, 0x00000000c1c00000| Untracked 
|   9|0x00000000c1d00000, 0x00000000c1e00000, 0x00000000c1e00000|100%| O|  |TAMS 0x00000000c1e00000, 0x00000000c1d00000| Untracked 
|  10|0x00000000c1e00000, 0x00000000c1f00000, 0x00000000c1f00000|100%| O|  |TAMS 0x00000000c1f00000, 0x00000000c1e00000| Untracked 
|  11|0x00000000c1f00000, 0x00000000c1fb7e00, 0x00000000c2000000| 71%| O|  |TAMS 0x00000000c1fb7e00, 0x00000000c1f00000| Untracked 
|  12|0x00000000c2000000, 0x00000000c2100000, 0x00000000c2100000|100%| O|  |TAMS 0x00000000c2100000, 0x00000000c2000000| Untracked 
|  13|0x00000000c2100000, 0x00000000c2200000, 0x00000000c2200000|100%| O|  |TAMS 0x00000000c2200000, 0x00000000c2100000| Untracked 
|  14|0x00000000c2200000, 0x00000000c2300000, 0x00000000c2300000|100%| O|  |TAMS 0x00000000c2300000, 0x00000000c2200000| Untracked 
|  15|0x00000000c2300000, 0x00000000c2400000, 0x00000000c2400000|100%| O|  |TAMS 0x00000000c2400000, 0x00000000c2300000| Untracked 
|  16|0x00000000c2400000, 0x00000000c2500000, 0x00000000c2500000|100%| O|  |TAMS 0x00000000c2500000, 0x00000000c2400000| Untracked 
|  17|0x00000000c2500000, 0x00000000c2600000, 0x00000000c2600000|100%| O|  |TAMS 0x00000000c2500000, 0x00000000c2500000| Untracked 
|  18|0x00000000c2600000, 0x00000000c2700000, 0x00000000c2700000|100%| O|  |TAMS 0x00000000c2600000, 0x00000000c2600000| Untracked 
|  19|0x00000000c2700000, 0x00000000c2800000, 0x00000000c2800000|100%| O|  |TAMS 0x00000000c2700000, 0x00000000c2700000| Untracked 
|  20|0x00000000c2800000, 0x00000000c2900000, 0x00000000c2900000|100%| O|  |TAMS 0x00000000c2800000, 0x00000000c2800000| Untracked 
|  21|0x00000000c2900000, 0x00000000c2a00000, 0x00000000c2a00000|100%| O|  |TAMS 0x00000000c2900000, 0x00000000c2900000| Untracked 
|  22|0x00000000c2a00000, 0x00000000c2a00000, 0x00000000c2b00000|  0%| F|  |TAMS 0x00000000c2a00000, 0x00000000c2a00000| Untracked 
|  23|0x00000000c2b00000, 0x00000000c2b00000, 0x00000000c2c00000|  0%| F|  |TAMS 0x00000000c2b00000, 0x00000000c2b00000| Untracked 
|  24|0x00000000c2c00000, 0x00000000c2c00000, 0x00000000c2d00000|  0%| F|  |TAMS 0x00000000c2c00000, 0x00000000c2c00000| Untracked 
|  25|0x00000000c2d00000, 0x00000000c2d00000, 0x00000000c2e00000|  0%| F|  |TAMS 0x00000000c2d00000, 0x00000000c2d00000| Untracked 
|  26|0x00000000c2e00000, 0x00000000c2e00000, 0x00000000c2f00000|  0%| F|  |TAMS 0x00000000c2e00000, 0x00000000c2e00000| Untracked 
|  27|0x00000000c2f00000, 0x00000000c2f00000, 0x00000000c3000000|  0%| F|  |TAMS 0x00000000c2f00000, 0x00000000c2f00000| Untracked 
|  28|0x00000000c3000000, 0x00000000c3000000, 0x00000000c3100000|  0%| F|  |TAMS 0x00000000c3000000, 0x00000000c3000000| Untracked 
|  29|0x00000000c3100000, 0x00000000c3100000, 0x00000000c3200000|  0%| F|  |TAMS 0x00000000c3100000, 0x00000000c3100000| Untracked 
|  30|0x00000000c3200000, 0x00000000c3200000, 0x00000000c3300000|  0%| F|  |TAMS 0x00000000c3200000, 0x00000000c3200000| Untracked 
|  31|0x00000000c3300000, 0x00000000c3300000, 0x00000000c3400000|  0%| F|  |TAMS 0x00000000c3300000, 0x00000000c3300000| Untracked 
|  32|0x00000000c3400000, 0x00000000c3400000, 0x00000000c3500000|  0%| F|  |TAMS 0x00000000c3400000, 0x00000000c3400000| Untracked 
|  33|0x00000000c3500000, 0x00000000c355eb00, 0x00000000c3600000| 36%| S|CS|TAMS 0x00000000c3500000, 0x00000000c3500000| Complete 
|  34|0x00000000c3600000, 0x00000000c3700000, 0x00000000c3700000|100%| S|CS|TAMS 0x00000000c3600000, 0x00000000c3600000| Complete 
|  35|0x00000000c3700000, 0x00000000c3700000, 0x00000000c3800000|  0%| F|  |TAMS 0x00000000c3700000, 0x00000000c3700000| Untracked 
|  36|0x00000000c3800000, 0x00000000c3800000, 0x00000000c3900000|  0%| F|  |TAMS 0x00000000c3800000, 0x00000000c3800000| Untracked 
|  37|0x00000000c3900000, 0x00000000c3900000, 0x00000000c3a00000|  0%| F|  |TAMS 0x00000000c3900000, 0x00000000c3900000| Untracked 
|  38|0x00000000c3a00000, 0x00000000c3a00000, 0x00000000c3b00000|  0%| F|  |TAMS 0x00000000c3a00000, 0x00000000c3a00000| Untracked 
|  39|0x00000000c3b00000, 0x00000000c3b00000, 0x00000000c3c00000|  0%| F|  |TAMS 0x00000000c3b00000, 0x00000000c3b00000| Untracked 
|  40|0x00000000c3c00000, 0x00000000c3c00000, 0x00000000c3d00000|  0%| F|  |TAMS 0x00000000c3c00000, 0x00000000c3c00000| Untracked 
|  41|0x00000000c3d00000, 0x00000000c3d00000, 0x00000000c3e00000|  0%| F|  |TAMS 0x00000000c3d00000, 0x00000000c3d00000| Untracked 
|  42|0x00000000c3e00000, 0x00000000c3e00000, 0x00000000c3f00000|  0%| F|  |TAMS 0x00000000c3e00000, 0x00000000c3e00000| Untracked 
|  43|0x00000000c3f00000, 0x00000000c3f00000, 0x00000000c4000000|  0%| F|  |TAMS 0x00000000c3f00000, 0x00000000c3f00000| Untracked 
|  44|0x00000000c4000000, 0x00000000c4000000, 0x00000000c4100000|  0%| F|  |TAMS 0x00000000c4000000, 0x00000000c4000000| Untracked 
|  45|0x00000000c4100000, 0x00000000c4100000, 0x00000000c4200000|  0%| F|  |TAMS 0x00000000c4100000, 0x00000000c4100000| Untracked 
|  46|0x00000000c4200000, 0x00000000c4200000, 0x00000000c4300000|  0%| F|  |TAMS 0x00000000c4200000, 0x00000000c4200000| Untracked 
|  47|0x00000000c4300000, 0x00000000c4300000, 0x00000000c4400000|  0%| F|  |TAMS 0x00000000c4300000, 0x00000000c4300000| Untracked 
|  48|0x00000000c4400000, 0x00000000c4400000, 0x00000000c4500000|  0%| F|  |TAMS 0x00000000c4400000, 0x00000000c4400000| Untracked 
|  49|0x00000000c4500000, 0x00000000c4500000, 0x00000000c4600000|  0%| F|  |TAMS 0x00000000c4500000, 0x00000000c4500000| Untracked 
|  50|0x00000000c4600000, 0x00000000c4700000, 0x00000000c4700000|100%| E|  |TAMS 0x00000000c4600000, 0x00000000c4600000| Complete 
|  51|0x00000000c4700000, 0x00000000c4800000, 0x00000000c4800000|100%| E|CS|TAMS 0x00000000c4700000, 0x00000000c4700000| Complete 
|  52|0x00000000c4800000, 0x00000000c4900000, 0x00000000c4900000|100%| E|CS|TAMS 0x00000000c4800000, 0x00000000c4800000| Complete 
|  63|0x00000000c5300000, 0x00000000c5400000, 0x00000000c5400000|100%| E|CS|TAMS 0x00000000c5300000, 0x00000000c5300000| Complete 

Card table byte_map: [0x000001ed7e190000,0x000001ed7e390000] _byte_map_base: 0x000001ed7db86000

Marking Bits (Prev, Next): (CMBitMap*) 0x000001ed6771de10, (CMBitMap*) 0x000001ed6771de50
 Prev Bits: [0x000001ed7e590000, 0x000001ed7f540000)
 Next Bits: [0x000001ed00000000, 0x000001ed00fb0000)

Polling page: 0x000001ed65870000

Metaspace:

Usage:
  Non-class:     42.61 MB used.
      Class:      6.37 MB used.
       Both:     48.98 MB used.

Virtual space:
  Non-class space:       64.00 MB reserved,      42.81 MB ( 67%) committed,  1 nodes.
      Class space:        1.00 GB reserved,       6.56 MB ( <1%) committed,  1 nodes.
             Both:        1.06 GB reserved,      49.38 MB (  5%) committed. 

Chunk freelists:
   Non-Class:  4.61 MB
       Class:  9.31 MB
        Both:  13.92 MB

MaxMetaspaceSize: unlimited
CompressedClassSpaceSize: 1.00 GB
Initial GC threshold: 21.00 MB
Current GC threshold: 59.06 MB
CDS: on
MetaspaceReclaimPolicy: balanced
 - commit_granule_bytes: 65536.
 - commit_granule_words: 8192.
 - virtual_space_node_default_size: 8388608.
 - enlarge_chunks_in_place: 1.
 - new_chunks_are_fully_committed: 0.
 - uncommit_free_chunks: 1.
 - use_allocation_guard: 0.
 - handle_deallocations: 1.


Internal statistics:

num_allocs_failed_limit: 6.
num_arena_births: 590.
num_arena_deaths: 0.
num_vsnodes_births: 2.
num_vsnodes_deaths: 0.
num_space_committed: 791.
num_space_uncommitted: 0.
num_chunks_returned_to_freelist: 6.
num_chunks_taken_from_freelist: 2320.
num_chunk_merges: 6.
num_chunk_splits: 1650.
num_chunks_enlarged: 1253.
num_inconsistent_stats: 0.

CodeHeap 'non-profiled nmethods': size=120000Kb used=2254Kb max_used=2254Kb free=117745Kb
 bounds [0x000001ed76a60000, 0x000001ed76cd0000, 0x000001ed7df90000]
CodeHeap 'profiled nmethods': size=120000Kb used=9965Kb max_used=9965Kb free=110034Kb
 bounds [0x000001ed6ef90000, 0x000001ed6f950000, 0x000001ed764c0000]
CodeHeap 'non-nmethods': size=5760Kb used=1295Kb max_used=1350Kb free=4464Kb
 bounds [0x000001ed764c0000, 0x000001ed76730000, 0x000001ed76a60000]
 total_blobs=5441 nmethods=4827 adapters=526
 compilation: enabled
              stopped_count=0, restarted_count=0
 full_count=0

Compilation events (20 events):
Event: 14.635 Thread 0x000001ed44186f10 nmethod 4832 0x000001ed76c91090 code [0x000001ed76c91220, 0x000001ed76c912f8]
Event: 14.638 Thread 0x000001ed44129230 4833       4       java.util.zip.ZipCoder$UTF8ZipCoder::hasTrailingSlash (20 bytes)
Event: 14.640 Thread 0x000001ed44129230 nmethod 4833 0x000001ed76c91390 code [0x000001ed76c91500, 0x000001ed76c915d8]
Event: 14.661 Thread 0x000001ed44129230 4834       4       java.security.SecureClassLoader::getProtectionDomain (38 bytes)
Event: 14.665 Thread 0x000001ed44129230 nmethod 4834 0x000001ed76c91710 code [0x000001ed76c918c0, 0x000001ed76c91ae8]
Event: 14.665 Thread 0x000001ed44129230 4835       4       java.lang.ClassLoader::preDefineClass (118 bytes)
Event: 14.688 Thread 0x000001ed44129230 nmethod 4835 0x000001ed76c91f90 code [0x000001ed76c92160, 0x000001ed76c92b28]
Event: 14.689 Thread 0x000001ed44129230 4838       4       java.util.ArrayDeque::poll (5 bytes)
Event: 14.691 Thread 0x000001ed44129230 nmethod 4838 0x000001ed76c93210 code [0x000001ed76c93380, 0x000001ed76c934b8]
Event: 14.691 Thread 0x000001ed44129230 4836       4       java.security.SecureClassLoader$CodeSourceKey::hashCode (21 bytes)
Event: 14.698 Thread 0x000001ed44129230 nmethod 4836 0x000001ed76c93590 code [0x000001ed76c93720, 0x000001ed76c93958]
Event: 14.716 Thread 0x000001ed44129230 4839   !   4       java.util.jar.JarFile::getManifestFromReference (197 bytes)
Event: 14.719 Thread 0x000001ed44186f10 4840       3       java.lang.StringBuilder::setLength (6 bytes)
Event: 14.719 Thread 0x000001ed44186f10 nmethod 4840 0x000001ed6f94a390 code [0x000001ed6f94a520, 0x000001ed6f94a668]
Event: 14.731 Thread 0x000001ed44186f10 4842       3       java.lang.Character::isDigit (9 bytes)
Event: 14.731 Thread 0x000001ed44186f10 nmethod 4842 0x000001ed6f94a710 code [0x000001ed6f94a8c0, 0x000001ed6f94aab8]
Event: 14.731 Thread 0x000001ed44186f10 4844       3       org.hibernate.internal.util.collections.CaseInsensitiveDictionary::trueKey (8 bytes)
Event: 14.731 Thread 0x000001ed44186f10 nmethod 4844 0x000001ed6f94ab90 code [0x000001ed6f94ad60, 0x000001ed6f94b078]
Event: 14.731 Thread 0x000001ed44186f10 4843       3       java.lang.CharacterDataLatin1::isDigit (18 bytes)
Event: 14.732 Thread 0x000001ed44186f10 nmethod 4843 0x000001ed6f94b190 code [0x000001ed6f94b320, 0x000001ed6f94b4b8]

GC Heap History (20 events):
Event: 2.097 GC heap before
{Heap before GC invocations=1 (full 0):
 garbage-first heap   total 65536K, used 16599K [0x00000000c1400000, 0x0000000100000000)
  region size 1024K, 13 young (13312K), 2 survivors (2048K)
 Metaspace       used 6193K, committed 6400K, reserved 1114112K
  class space    used 706K, committed 768K, reserved 1048576K
}
Event: 2.101 GC heap after
{Heap after GC invocations=2 (full 0):
 garbage-first heap   total 65536K, used 7576K [0x00000000c1400000, 0x0000000100000000)
  region size 1024K, 1 young (1024K), 1 survivors (1024K)
 Metaspace       used 6193K, committed 6400K, reserved 1114112K
  class space    used 706K, committed 768K, reserved 1048576K
}
Event: 3.506 GC heap before
{Heap before GC invocations=2 (full 0):
 garbage-first heap   total 65536K, used 28056K [0x00000000c1400000, 0x0000000100000000)
  region size 1024K, 22 young (22528K), 1 survivors (1024K)
 Metaspace       used 11658K, committed 11904K, reserved 1114112K
  class space    used 1391K, committed 1536K, reserved 1048576K
}
Event: 3.511 GC heap after
{Heap after GC invocations=3 (full 0):
 garbage-first heap   total 65536K, used 8939K [0x00000000c1400000, 0x0000000100000000)
  region size 1024K, 3 young (3072K), 3 survivors (3072K)
 Metaspace       used 11658K, committed 11904K, reserved 1114112K
  class space    used 1391K, committed 1536K, reserved 1048576K
}
Event: 4.401 GC heap before
{Heap before GC invocations=3 (full 0):
 garbage-first heap   total 65536K, used 37611K [0x00000000c1400000, 0x0000000100000000)
  region size 1024K, 32 young (32768K), 3 survivors (3072K)
 Metaspace       used 18012K, committed 18304K, reserved 1114112K
  class space    used 2214K, committed 2368K, reserved 1048576K
}
Event: 4.415 GC heap after
{Heap after GC invocations=4 (full 0):
 garbage-first heap   total 65536K, used 11949K [0x00000000c1400000, 0x0000000100000000)
  region size 1024K, 4 young (4096K), 4 survivors (4096K)
 Metaspace       used 18012K, committed 18304K, reserved 1114112K
  class space    used 2214K, committed 2368K, reserved 1048576K
}
Event: 5.854 GC heap before
{Heap before GC invocations=4 (full 0):
 garbage-first heap   total 65536K, used 40621K [0x00000000c1400000, 0x0000000100000000)
  region size 1024K, 33 young (33792K), 4 survivors (4096K)
 Metaspace       used 21246K, committed 21504K, reserved 1114112K
  class space    used 2606K, committed 2752K, reserved 1048576K
}
Event: 5.863 GC heap after
{Heap after GC invocations=5 (full 0):
 garbage-first heap   total 65536K, used 14389K [0x00000000c1400000, 0x0000000100000000)
  region size 1024K, 3 young (3072K), 3 survivors (3072K)
 Metaspace       used 21246K, committed 21504K, reserved 1114112K
  class space    used 2606K, committed 2752K, reserved 1048576K
}
Event: 7.625 GC heap before
{Heap before GC invocations=6 (full 0):
 garbage-first heap   total 55296K, used 44085K [0x00000000c1400000, 0x0000000100000000)
  region size 1024K, 32 young (32768K), 3 survivors (3072K)
 Metaspace       used 25896K, committed 26368K, reserved 1114112K
  class space    used 3346K, committed 3584K, reserved 1048576K
}
Event: 7.634 GC heap after
{Heap after GC invocations=7 (full 0):
 garbage-first heap   total 55296K, used 17119K [0x00000000c1400000, 0x0000000100000000)
  region size 1024K, 4 young (4096K), 4 survivors (4096K)
 Metaspace       used 25896K, committed 26368K, reserved 1114112K
  class space    used 3346K, committed 3584K, reserved 1048576K
}
Event: 10.231 GC heap before
{Heap before GC invocations=7 (full 0):
 garbage-first heap   total 55296K, used 39647K [0x00000000c1400000, 0x0000000100000000)
  region size 1024K, 26 young (26624K), 4 survivors (4096K)
 Metaspace       used 29433K, committed 29888K, reserved 1114112K
  class space    used 3777K, committed 3968K, reserved 1048576K
}
Event: 10.246 GC heap after
{Heap after GC invocations=8 (full 0):
 garbage-first heap   total 55296K, used 18866K [0x00000000c1400000, 0x0000000100000000)
  region size 1024K, 2 young (2048K), 2 survivors (2048K)
 Metaspace       used 29433K, committed 29888K, reserved 1114112K
  class space    used 3777K, committed 3968K, reserved 1048576K
}
Event: 11.758 GC heap before
{Heap before GC invocations=8 (full 0):
 garbage-first heap   total 55296K, used 40370K [0x00000000c1400000, 0x0000000100000000)
  region size 1024K, 23 young (23552K), 2 survivors (2048K)
 Metaspace       used 34941K, committed 35392K, reserved 1114112K
  class space    used 4622K, committed 4800K, reserved 1048576K
}
Event: 11.765 GC heap after
{Heap after GC invocations=9 (full 0):
 garbage-first heap   total 55296K, used 19585K [0x00000000c1400000, 0x0000000100000000)
  region size 1024K, 3 young (3072K), 3 survivors (3072K)
 Metaspace       used 34941K, committed 35392K, reserved 1114112K
  class space    used 4622K, committed 4800K, reserved 1048576K
}
Event: 11.891 GC heap before
{Heap before GC invocations=9 (full 0):
 garbage-first heap   total 55296K, used 21633K [0x00000000c1400000, 0x0000000100000000)
  region size 1024K, 6 young (6144K), 3 survivors (3072K)
 Metaspace       used 35531K, committed 35968K, reserved 1114112K
  class space    used 4725K, committed 4928K, reserved 1048576K
}
Event: 11.896 GC heap after
{Heap after GC invocations=10 (full 0):
 garbage-first heap   total 55296K, used 19965K [0x00000000c1400000, 0x0000000100000000)
  region size 1024K, 2 young (2048K), 2 survivors (2048K)
 Metaspace       used 35531K, committed 35968K, reserved 1114112K
  class space    used 4725K, committed 4928K, reserved 1048576K
}
Event: 13.844 GC heap before
{Heap before GC invocations=11 (full 0):
 garbage-first heap   total 55296K, used 40445K [0x00000000c1400000, 0x0000000100000000)
  region size 1024K, 23 young (23552K), 2 survivors (2048K)
 Metaspace       used 44397K, committed 44864K, reserved 1114112K
  class space    used 5806K, committed 6016K, reserved 1048576K
}
Event: 13.854 GC heap after
{Heap after GC invocations=12 (full 0):
 garbage-first heap   total 55296K, used 22319K [0x00000000c1400000, 0x0000000100000000)
  region size 1024K, 3 young (3072K), 3 survivors (3072K)
 Metaspace       used 44397K, committed 44864K, reserved 1114112K
  class space    used 5806K, committed 6016K, reserved 1048576K
}
Event: 14.650 GC heap before
{Heap before GC invocations=12 (full 0):
 garbage-first heap   total 55296K, used 40751K [0x00000000c1400000, 0x0000000100000000)
  region size 1024K, 22 young (22528K), 3 survivors (3072K)
 Metaspace       used 48859K, committed 49344K, reserved 1114112K
  class space    used 6368K, committed 6592K, reserved 1048576K
}
Event: 14.659 GC heap after
{Heap after GC invocations=13 (full 0):
 garbage-first heap   total 55296K, used 23642K [0x00000000c1400000, 0x0000000100000000)
  region size 1024K, 2 young (2048K), 2 survivors (2048K)
 Metaspace       used 48859K, committed 49344K, reserved 1114112K
  class space    used 6368K, committed 6592K, reserved 1048576K
}

Deoptimization events (20 events):
Event: 13.441 Thread 0x000001ed4a5c4270 Uncommon trap: trap_request=0xffffffbe fr.pc=0x000001ed76c58274 relative=0x00000000000003d4
Event: 13.441 Thread 0x000001ed4a5c4270 Uncommon trap: reason=profile_predicate action=maybe_recompile pc=0x000001ed76c58274 method=java.util.Arrays$ArrayList.indexOf(Ljava/lang/Object;)I @ 39 c2
Event: 13.441 Thread 0x000001ed4a5c4270 DEOPT PACKING pc=0x000001ed76c58274 sp=0x00000006659fe8e0
Event: 13.441 Thread 0x000001ed4a5c4270 DEOPT UNPACKING pc=0x000001ed765123a3 sp=0x00000006659fe868 mode 2
Event: 13.441 Thread 0x000001ed4a5c4270 Uncommon trap: trap_request=0xffffffbe fr.pc=0x000001ed76c58274 relative=0x00000000000003d4
Event: 13.441 Thread 0x000001ed4a5c4270 Uncommon trap: reason=profile_predicate action=maybe_recompile pc=0x000001ed76c58274 method=java.util.Arrays$ArrayList.indexOf(Ljava/lang/Object;)I @ 39 c2
Event: 13.441 Thread 0x000001ed4a5c4270 DEOPT PACKING pc=0x000001ed76c58274 sp=0x00000006659fe8e0
Event: 13.441 Thread 0x000001ed4a5c4270 DEOPT UNPACKING pc=0x000001ed765123a3 sp=0x00000006659fe868 mode 2
Event: 13.442 Thread 0x000001ed4a5c4270 Uncommon trap: trap_request=0xffffffbe fr.pc=0x000001ed76c58274 relative=0x00000000000003d4
Event: 13.442 Thread 0x000001ed4a5c4270 Uncommon trap: reason=profile_predicate action=maybe_recompile pc=0x000001ed76c58274 method=java.util.Arrays$ArrayList.indexOf(Ljava/lang/Object;)I @ 39 c2
Event: 13.444 Thread 0x000001ed4a5c4270 DEOPT PACKING pc=0x000001ed76c58274 sp=0x00000006659fe2e0
Event: 13.444 Thread 0x000001ed4a5c4270 DEOPT UNPACKING pc=0x000001ed765123a3 sp=0x00000006659fe268 mode 2
Event: 13.444 Thread 0x000001ed4a5c4270 Uncommon trap: trap_request=0xffffffbe fr.pc=0x000001ed76c58274 relative=0x00000000000003d4
Event: 13.444 Thread 0x000001ed4a5c4270 Uncommon trap: reason=profile_predicate action=maybe_recompile pc=0x000001ed76c58274 method=java.util.Arrays$ArrayList.indexOf(Ljava/lang/Object;)I @ 39 c2
Event: 13.444 Thread 0x000001ed4a5c4270 DEOPT PACKING pc=0x000001ed76c58274 sp=0x00000006659fe290
Event: 13.444 Thread 0x000001ed4a5c4270 DEOPT UNPACKING pc=0x000001ed765123a3 sp=0x00000006659fe218 mode 2
Event: 13.910 Thread 0x000001ed44dbe120 Uncommon trap: trap_request=0xffffffde fr.pc=0x000001ed76bbe0d0 relative=0x00000000000012b0
Event: 13.910 Thread 0x000001ed44dbe120 Uncommon trap: reason=class_check action=maybe_recompile pc=0x000001ed76bbe0d0 method=java.util.concurrent.ConcurrentHashMap.putVal(Ljava/lang/Object;Ljava/lang/Object;Z)Ljava/lang/Object; @ 159 c2
Event: 13.910 Thread 0x000001ed44dbe120 DEOPT PACKING pc=0x000001ed76bbe0d0 sp=0x00000006652fd8f0
Event: 13.910 Thread 0x000001ed44dbe120 DEOPT UNPACKING pc=0x000001ed765123a3 sp=0x00000006652fd870 mode 2

Classes unloaded (0 events):
No events

Classes redefined (0 events):
No events

Internal exceptions (20 events):
Event: 7.676 Thread 0x000001ed44dbe120 Exception <a 'java/lang/NoSuchMethodError'{0x00000000c53b7488}: 'java.lang.Object java.lang.invoke.DirectMethodHandle$Holder.invokeStaticInit(java.lang.Object, int, int, int, int)'> (0x00000000c53b7488) 
thrown [s\open\src\hotspot\share\interpreter\linkResolver.cpp, line 759]
Event: 7.820 Thread 0x000001ed44dbe120 Exception <a 'java/lang/NoSuchMethodError'{0x00000000c4891670}: 'java.lang.Object java.lang.invoke.DirectMethodHandle$Holder.invokeStaticInit(java.lang.Object, java.lang.Object, int, int, int, int)'> (0x00000000c4891670) 
thrown [s\open\src\hotspot\share\interpreter\linkResolver.cpp, line 759]
Event: 8.514 Thread 0x000001ed44dbe120 Exception <a 'sun/nio/fs/WindowsException'{0x00000000c4164868}> (0x00000000c4164868) 
thrown [s\open\src\hotspot\share\prims\jni.cpp, line 516]
Event: 8.516 Thread 0x000001ed44dbe120 Exception <a 'sun/nio/fs/WindowsException'{0x00000000c416a1c8}> (0x00000000c416a1c8) 
thrown [s\open\src\hotspot\share\prims\jni.cpp, line 516]
Event: 8.518 Thread 0x000001ed44dbe120 Exception <a 'sun/nio/fs/WindowsException'{0x00000000c416a870}> (0x00000000c416a870) 
thrown [s\open\src\hotspot\share\prims\jni.cpp, line 516]
Event: 8.608 Thread 0x000001ed44dbe120 Exception <a 'java/lang/NoSuchMethodError'{0x00000000c40a0c88}: 'java.lang.Object java.lang.invoke.DirectMethodHandle$Holder.invokeSpecial(java.lang.Object, java.lang.Object, long, java.lang.Object, java.lang.Object, java.lang.Object, java.lang.Object, java.lang.Object, java.lang.Object)'> (0x00000000c40a0c88) 
thrown [s\open\src\hotspot\share\interpreter\linkResolver.cpp, line 759]
Event: 8.608 Thread 0x000001ed44dbe120 Exception <a 'java/lang/NoSuchMethodError'{0x00000000c40a57b0}: 'java.lang.Object java.lang.invoke.DelegatingMethodHandle$Holder.reinvoke_L(java.lang.Object, long, java.lang.Object, java.lang.Object, java.lang.Object, java.lang.Object, java.lang.Object, java.lang.Object)'> (0x00000000c40a57b0) 
thrown [s\open\src\hotspot\share\interpreter\linkResolver.cpp, line 759]
Event: 8.798 Thread 0x000001ed44dbe120 Implicit null exception at 0x000001ed76b05690 to 0x000001ed76b06f88
Event: 8.924 Thread 0x000001ed44dbe120 Exception <a 'java/io/FileNotFoundException'{0x00000000c3fedba0}> (0x00000000c3fedba0) 
thrown [s\open\src\hotspot\share\prims\jni.cpp, line 516]
Event: 9.310 Thread 0x000001ed44dbe120 Exception <a 'java/lang/NoSuchMethodError'{0x00000000c3d42620}: 'int java.lang.invoke.DirectMethodHandle$Holder.invokeInterface(java.lang.Object, java.lang.Object, java.lang.Object, java.lang.Object)'> (0x00000000c3d42620) 
thrown [s\open\src\hotspot\share\interpreter\linkResolver.cpp, line 759]
Event: 9.685 Thread 0x000001ed44dbe120 Exception <a 'java/lang/NoSuchMethodError'{0x00000000c3b8b6e0}: 'long java.lang.invoke.DirectMethodHandle$Holder.invokeVirtual(java.lang.Object, java.lang.Object)'> (0x00000000c3b8b6e0) 
thrown [s\open\src\hotspot\share\interpreter\linkResolver.cpp, line 759]
Event: 9.709 Thread 0x000001ed44dbe120 Exception <a 'java/io/FileNotFoundException'{0x00000000c3bbb260}> (0x00000000c3bbb260) 
thrown [s\open\src\hotspot\share\prims\jni.cpp, line 516]
Event: 10.198 Thread 0x000001ed44dbe120 Exception <a 'sun/nio/fs/WindowsException'{0x00000000c34ddef8}> (0x00000000c34ddef8) 
thrown [s\open\src\hotspot\share\prims\jni.cpp, line 516]
Event: 12.025 Thread 0x000001ed44dbe120 Exception <a 'java/lang/NoSuchMethodError'{0x00000000c4748078}: 'int java.lang.invoke.DirectMethodHandle$Holder.invokeStatic(java.lang.Object)'> (0x00000000c4748078) 
thrown [s\open\src\hotspot\share\interpreter\linkResolver.cpp, line 759]
Event: 12.524 Thread 0x000001ed44dbe120 Exception <a 'sun/nio/fs/WindowsException'{0x00000000c3d398e8}> (0x00000000c3d398e8) 
thrown [s\open\src\hotspot\share\prims\jni.cpp, line 516]
Event: 12.542 Thread 0x000001ed44dbe120 Exception <a 'java/lang/NoSuchMethodError'{0x00000000c3d5c8d8}: 'int java.lang.invoke.DirectMethodHandle$Holder.invokeStaticInit(java.lang.Object, java.lang.Object, java.lang.Object, java.lang.Object)'> (0x00000000c3d5c8d8) 
thrown [s\open\src\hotspot\share\interpreter\linkResolver.cpp, line 759]
Event: 13.602 Thread 0x000001ed44dbe120 Exception <a 'java/lang/NoSuchMethodError'{0x00000000c35c0740}: 'java.lang.Object java.lang.invoke.DirectMethodHandle$Holder.invokeStaticInit(java.lang.Object, java.lang.Object, java.lang.Object, java.lang.Object)'> (0x00000000c35c0740) 
thrown [s\open\src\hotspot\share\interpreter\linkResolver.cpp, line 759]
Event: 14.625 Thread 0x000001ed44dbe120 Exception <a 'java/lang/IncompatibleClassChangeError'{0x00000000c373d408}: Found class java.lang.Object, but interface was expected> (0x00000000c373d408) 
thrown [s\open\src\hotspot\share\interpreter\linkResolver.cpp, line 826]
Event: 14.669 Thread 0x000001ed44dbe120 Exception <a 'java/lang/NoSuchMethodError'{0x00000000c5311340}: 'java.lang.Object java.lang.invoke.DirectMethodHandle$Holder.invokeStatic(java.lang.Object, java.lang.Object, int, java.lang.Object)'> (0x00000000c5311340) 
thrown [s\open\src\hotspot\share\interpreter\linkResolver.cpp, line 759]
Event: 14.670 Thread 0x000001ed44dbe120 Exception <a 'java/lang/NoSuchMethodError'{0x00000000c5314dd8}: 'java.lang.Object java.lang.invoke.DirectMethodHandle$Holder.invokeStaticInit(java.lang.Object, java.lang.Object, int, java.lang.Object)'> (0x00000000c5314dd8) 
thrown [s\open\src\hotspot\share\interpreter\linkResolver.cpp, line 759]

VM Operations (20 events):
Event: 11.757 Executing VM operation: G1CollectForAllocation
Event: 11.765 Executing VM operation: G1CollectForAllocation done
Event: 11.891 Executing VM operation: CollectForMetadataAllocation
Event: 11.896 Executing VM operation: CollectForMetadataAllocation done
Event: 11.951 Executing VM operation: G1Concurrent
Event: 11.957 Executing VM operation: G1Concurrent done
Event: 11.985 Executing VM operation: G1Concurrent
Event: 11.985 Executing VM operation: G1Concurrent done
Event: 12.440 Executing VM operation: HandshakeAllThreads
Event: 12.440 Executing VM operation: HandshakeAllThreads done
Event: 12.526 Executing VM operation: HandshakeAllThreads
Event: 12.526 Executing VM operation: HandshakeAllThreads done
Event: 12.533 Executing VM operation: HandshakeAllThreads
Event: 12.533 Executing VM operation: HandshakeAllThreads done
Event: 12.876 Executing VM operation: HandshakeAllThreads
Event: 12.876 Executing VM operation: HandshakeAllThreads done
Event: 13.828 Executing VM operation: G1CollectForAllocation
Event: 13.861 Executing VM operation: G1CollectForAllocation done
Event: 14.650 Executing VM operation: G1CollectForAllocation
Event: 14.659 Executing VM operation: G1CollectForAllocation done

Events (20 events):
Event: 14.329 loading class java/util/stream/ReduceOps$1ReducingSink
Event: 14.329 loading class java/util/stream/ReduceOps$1ReducingSink done
Event: 14.393 loading class jdk/internal/access/foreign/MemorySegmentProxy
Event: 14.393 loading class jdk/internal/access/foreign/MemorySegmentProxy done
Event: 14.462 loading class javax/naming/RefAddr
Event: 14.462 loading class javax/naming/RefAddr done
Event: 14.462 loading class javax/naming/StringRefAddr
Event: 14.462 loading class javax/naming/StringRefAddr done
Event: 14.507 loading class java/util/concurrent/CompletionStage
Event: 14.508 loading class java/util/concurrent/CompletionStage done
Event: 14.510 loading class java/util/concurrent/CompletableFuture
Event: 14.511 loading class java/util/concurrent/CompletableFuture done
Event: 14.512 loading class java/util/concurrent/CompletableFuture$AltResult
Event: 14.512 loading class java/util/concurrent/CompletableFuture$AltResult done
Event: 14.512 loading class java/util/concurrent/CompletableFuture$Completion
Event: 14.512 loading class java/util/concurrent/CompletableFuture$AsynchronousCompletionTask
Event: 14.512 loading class java/util/concurrent/CompletableFuture$AsynchronousCompletionTask done
Event: 14.512 loading class java/util/concurrent/CompletableFuture$Completion done
Event: 14.611 loading class java/util/concurrent/CancellationException
Event: 14.611 loading class java/util/concurrent/CancellationException done


Dynamic libraries:
0x00007ff6513b0000 - 0x00007ff6513c0000 	C:\Program Files\Java\jdk-17\bin\java.exe
0x00007ffb24e10000 - 0x00007ffb25008000 	C:\Windows\SYSTEM32\ntdll.dll
0x00007ffb23360000 - 0x00007ffb23421000 	C:\Windows\System32\KERNEL32.DLL
0x00007ffb22b40000 - 0x00007ffb22e3d000 	C:\Windows\System32\KERNELBASE.dll
0x00007ffb224c0000 - 0x00007ffb225c0000 	C:\Windows\System32\ucrtbase.dll
0x00007ffb0a150000 - 0x00007ffb0a16b000 	C:\Program Files\Java\jdk-17\bin\VCRUNTIME140.dll
0x00007ffb0e470000 - 0x00007ffb0e489000 	C:\Program Files\Java\jdk-17\bin\jli.dll
0x00007ffb23e10000 - 0x00007ffb23ec0000 	C:\Windows\System32\ADVAPI32.dll
0x00007ffb23ec0000 - 0x00007ffb23f5e000 	C:\Windows\System32\msvcrt.dll
0x00007ffb244f0000 - 0x00007ffb24590000 	C:\Windows\System32\sechost.dll
0x00007ffb243c0000 - 0x00007ffb244e3000 	C:\Windows\System32\RPCRT4.dll
0x00007ffb22980000 - 0x00007ffb229a7000 	C:\Windows\System32\bcrypt.dll
0x00007ffb24030000 - 0x00007ffb241cd000 	C:\Windows\System32\USER32.dll
0x00007ffb227b0000 - 0x00007ffb227d2000 	C:\Windows\System32\win32u.dll
0x00007ffb0afd0000 - 0x00007ffb0b26a000 	C:\Windows\WinSxS\amd64_microsoft.windows.common-controls_6595b64144ccf1df_6.0.19041.4355_none_60b8b9eb71f62e16\COMCTL32.dll
0x00007ffb24390000 - 0x00007ffb243bb000 	C:\Windows\System32\GDI32.dll
0x00007ffb22a20000 - 0x00007ffb22b37000 	C:\Windows\System32\gdi32full.dll
0x00007ffb227e0000 - 0x00007ffb2287d000 	C:\Windows\System32\msvcp_win.dll
0x00007ffb1a9c0000 - 0x00007ffb1a9ca000 	C:\Windows\SYSTEM32\VERSION.dll
0x00007ffb241d0000 - 0x00007ffb241ff000 	C:\Windows\System32\IMM32.DLL
0x00007ffb11390000 - 0x00007ffb1139c000 	C:\Program Files\Java\jdk-17\bin\vcruntime140_1.dll
0x00007ffae8520000 - 0x00007ffae85ae000 	C:\Program Files\Java\jdk-17\bin\msvcp140.dll
0x00007ffae0190000 - 0x00007ffae0d6f000 	C:\Program Files\Java\jdk-17\bin\server\jvm.dll
0x00007ffb23430000 - 0x00007ffb23438000 	C:\Windows\System32\PSAPI.DLL
0x00007ffb08570000 - 0x00007ffb08597000 	C:\Windows\SYSTEM32\WINMM.dll
0x00007ffb1e2c0000 - 0x00007ffb1e2c9000 	C:\Windows\SYSTEM32\WSOCK32.dll
0x00007ffb23fc0000 - 0x00007ffb2402b000 	C:\Windows\System32\WS2_32.dll
0x00007ffb20340000 - 0x00007ffb20352000 	C:\Windows\SYSTEM32\kernel.appcore.dll
0x00007ffb112b0000 - 0x00007ffb112ba000 	C:\Program Files\Java\jdk-17\bin\jimage.dll
0x00007ffb1fc00000 - 0x00007ffb1fde4000 	C:\Windows\SYSTEM32\DBGHELP.DLL
0x00007ffb06290000 - 0x00007ffb062c4000 	C:\Windows\SYSTEM32\dbgcore.DLL
0x00007ffb225c0000 - 0x00007ffb22642000 	C:\Windows\System32\bcryptPrimitives.dll
0x00007ffb1dae0000 - 0x00007ffb1daee000 	C:\Program Files\Java\jdk-17\bin\instrument.dll
0x00007ffb0a120000 - 0x00007ffb0a145000 	C:\Program Files\Java\jdk-17\bin\java.dll
0x00007ffae7e30000 - 0x00007ffae7f07000 	C:\Program Files\Java\jdk-17\bin\jsvml.dll
0x00007ffb24660000 - 0x00007ffb24dcf000 	C:\Windows\System32\SHELL32.dll
0x00007ffb20540000 - 0x00007ffb20cdf000 	C:\Windows\SYSTEM32\windows.storage.dll
0x00007ffb23ab0000 - 0x00007ffb23e03000 	C:\Windows\System32\combase.dll
0x00007ffb21ee0000 - 0x00007ffb21f0e000 	C:\Windows\SYSTEM32\Wldp.dll
0x00007ffb24590000 - 0x00007ffb2465d000 	C:\Windows\System32\OLEAUT32.dll
0x00007ffb232b0000 - 0x00007ffb2335d000 	C:\Windows\System32\SHCORE.dll
0x00007ffb23f60000 - 0x00007ffb23fb5000 	C:\Windows\System32\shlwapi.dll
0x00007ffb223f0000 - 0x00007ffb22414000 	C:\Windows\SYSTEM32\profapi.dll
0x00007ffb08aa0000 - 0x00007ffb08ab8000 	C:\Program Files\Java\jdk-17\bin\zip.dll
0x00007ffb08ae0000 - 0x00007ffb08af9000 	C:\Program Files\Java\jdk-17\bin\net.dll
0x00007ffb15bf0000 - 0x00007ffb15cfd000 	C:\Windows\SYSTEM32\WINHTTP.dll
0x00007ffb21c40000 - 0x00007ffb21caa000 	C:\Windows\system32\mswsock.dll
0x00007ffb08ac0000 - 0x00007ffb08ad6000 	C:\Program Files\Java\jdk-17\bin\nio.dll
0x00007ffb112c0000 - 0x00007ffb112da000 	C:\Program Files\JetBrains\IntelliJ IDEA Community Edition 2024.1.4\bin\breakgen64.dll
0x00007ffb1b1d0000 - 0x00007ffb1b1da000 	C:\Program Files\Java\jdk-17\bin\management.dll
0x00007ffb178b0000 - 0x00007ffb178bb000 	C:\Program Files\Java\jdk-17\bin\management_ext.dll
0x00007ffb096b0000 - 0x00007ffb096be000 	C:\Program Files\Java\jdk-17\bin\sunmscapi.dll
0x00007ffb22650000 - 0x00007ffb227ae000 	C:\Windows\System32\CRYPT32.dll
0x00007ffb21f50000 - 0x00007ffb21f79000 	C:\Windows\SYSTEM32\ncrypt.dll
0x00007ffb21f10000 - 0x00007ffb21f4b000 	C:\Windows\SYSTEM32\NTASN1.dll
0x00007ffb21e40000 - 0x00007ffb21e58000 	C:\Windows\SYSTEM32\CRYPTSP.dll
0x00007ffb214f0000 - 0x00007ffb21524000 	C:\Windows\system32\rsaenh.dll
0x00007ffb223a0000 - 0x00007ffb223ce000 	C:\Windows\SYSTEM32\USERENV.dll
0x00007ffb21e30000 - 0x00007ffb21e3c000 	C:\Windows\SYSTEM32\CRYPTBASE.dll
0x00007ffb218d0000 - 0x00007ffb2190b000 	C:\Windows\SYSTEM32\IPHLPAPI.DLL
0x00007ffb23850000 - 0x00007ffb23858000 	C:\Windows\System32\NSI.dll
0x00007ffb18640000 - 0x00007ffb18657000 	C:\Windows\SYSTEM32\dhcpcsvc6.DLL
0x00007ffb196e0000 - 0x00007ffb196fd000 	C:\Windows\SYSTEM32\dhcpcsvc.DLL
0x00007ffb21910000 - 0x00007ffb219da000 	C:\Windows\SYSTEM32\DNSAPI.dll
0x00007ffb0ab00000 - 0x00007ffb0ab10000 	C:\Program Files\Java\jdk-17\bin\verify.dll
0x00007ffb1a720000 - 0x00007ffb1a72a000 	C:\Windows\System32\rasadhlp.dll
0x00007ffb05b50000 - 0x00007ffb05bd0000 	C:\Windows\System32\fwpuclnt.dll

dbghelp: loaded successfully - version: 4.0.5 - missing functions: none
symbol engine: initialized successfully - sym options: 0x614 - pdb path: .;C:\Program Files\Java\jdk-17\bin;C:\Windows\SYSTEM32;C:\Windows\WinSxS\amd64_microsoft.windows.common-controls_6595b64144ccf1df_6.0.19041.4355_none_60b8b9eb71f62e16;C:\Program Files\Java\jdk-17\bin\server;C:\Program Files\JetBrains\IntelliJ IDEA Community Edition 2024.1.4\bin

VM Arguments:
jvm_args: -javaagent:C:\Program Files\JetBrains\IntelliJ IDEA Community Edition 2024.1.4\lib\idea_rt.jar=54085:C:\Program Files\JetBrains\IntelliJ IDEA Community Edition 2024.1.4\bin -Dfile.encoding=UTF-8 
java_command: com.app.springJwt.SpringJwtApplication
java_class_path (initial): C:\Users\HP\Documents\workspace-spring-tool-suite-4-4.19.0.RELEASE\springJwt\target\classes;C:\Users\HP\.m2\repository\org\springframework\boot\spring-boot-starter-data-jpa\3.3.2\spring-boot-starter-data-jpa-3.3.2.jar;C:\Users\HP\.m2\repository\org\springframework\boot\spring-boot-starter-aop\3.3.2\spring-boot-starter-aop-3.3.2.jar;C:\Users\HP\.m2\repository\org\aspectj\aspectjweaver\1.9.22.1\aspectjweaver-1.9.22.1.jar;C:\Users\HP\.m2\repository\org\springframework\boot\spring-boot-starter-jdbc\3.3.2\spring-boot-starter-jdbc-3.3.2.jar;C:\Users\HP\.m2\repository\com\zaxxer\HikariCP\5.1.0\HikariCP-5.1.0.jar;C:\Users\HP\.m2\repository\org\springframework\spring-jdbc\6.1.11\spring-jdbc-6.1.11.jar;C:\Users\HP\.m2\repository\org\hibernate\orm\hibernate-core\6.5.2.Final\hibernate-core-6.5.2.Final.jar;C:\Users\HP\.m2\repository\jakarta\persistence\jakarta.persistence-api\3.1.0\jakarta.persistence-api-3.1.0.jar;C:\Users\HP\.m2\repository\jakarta\transaction\jakarta.transaction-api\2.0.1\jakarta.transaction-api-2.0.1.jar;C:\Users\HP\.m2\repository\org\jboss\logging\jboss-logging\3.5.3.Final\jboss-logging-3.5.3.Final.jar;C:\Users\HP\.m2\repository\org\hibernate\common\hibernate-commons-annotations\6.0.6.Final\hibernate-commons-annotations-6.0.6.Final.jar;C:\Users\HP\.m2\repository\io\smallrye\jandex\3.1.2\jandex-3.1.2.jar;C:\Users\HP\.m2\repository\com\fasterxml\classmate\1.7.0\classmate-1.7.0.jar;C:\Users\HP\.m2\repository\net\bytebuddy\byte-buddy\1.14.18\byte-buddy-1.14.18.jar;C:\Users\HP\.m2\repository\org\glassfish\jaxb\jaxb-runtime\4.0.5\jaxb-runtime-4.0.5.jar;C:\Users\HP\.m2\repository\org\glassfish\jaxb\jaxb-core\4.0.5\jaxb-core-4.0.5.jar;C:\Users\HP\.m2\repository\org\eclipse\angus\angus-activation\2.0.2\angus-activation-2.0.2.jar;C:\Users\HP\.m2\repository\org\glassfish\jaxb\txw2\4.0.5\txw2-4.0.5.jar;C:\Users\HP\.m2\repository\com\sun\istack\istack-commons-runtime\4.1.2\istack-commons-runtime-4.1.2.jar;C:\Users\HP\.m2\repository\jakarta\in
Launcher Type: SUN_STANDARD

[Global flags]
     intx CICompilerCount                          = 3                                         {product} {ergonomic}
     uint ConcGCThreads                            = 1                                         {product} {ergonomic}
     uint G1ConcRefinementThreads                  = 4                                         {product} {ergonomic}
   size_t G1HeapRegionSize                         = 1048576                                   {product} {ergonomic}
    uintx GCDrainStackTargetSize                   = 64                                        {product} {ergonomic}
   size_t InitialHeapSize                          = 67108864                                  {product} {ergonomic}
   size_t MarkStackSize                            = 4194304                                   {product} {ergonomic}
   size_t MaxHeapSize                              = 1052770304                                {product} {ergonomic}
   size_t MaxNewSize                               = 631242752                                 {product} {ergonomic}
   size_t MinHeapDeltaBytes                        = 1048576                                   {product} {ergonomic}
   size_t MinHeapSize                              = 8388608                                   {product} {ergonomic}
    uintx NonNMethodCodeHeapSize                   = 5832780                                {pd product} {ergonomic}
    uintx NonProfiledCodeHeapSize                  = 122912730                              {pd product} {ergonomic}
    uintx ProfiledCodeHeapSize                     = 122912730                              {pd product} {ergonomic}
    uintx ReservedCodeCacheSize                    = 251658240                              {pd product} {ergonomic}
     bool SegmentedCodeCache                       = true                                      {product} {ergonomic}
   size_t SoftMaxHeapSize                          = 1052770304                             {manageable} {ergonomic}
     bool UseCompressedClassPointers               = true                           {product lp64_product} {ergonomic}
     bool UseCompressedOops                        = true                           {product lp64_product} {ergonomic}
     bool UseG1GC                                  = true                                      {product} {ergonomic}
     bool UseLargePagesIndividualAllocation        = false                                  {pd product} {ergonomic}

Logging:
Log output configuration:
 #0: stdout all=warning uptime,level,tags
 #1: stderr all=off uptime,level,tags

Environment Variables:
PATH=C:\Ruby32-x64\bin;C:\Program Files\Python312\Scripts\;C:\Program Files\Python312\;C:\Program Files\Common Files\Oracle\Java\javapath;C:\Program Files\Java\jdk-17;C:\Program Files\nodejs\;C:\Program Files\OpenSSL-Win64\bin;C:\Program Files\Git\cmd;C:\MinGW\bin;C:\Program Files\php;C:\Program Files\go\bin;C:\Ruby32-x64\bin;C:\Users\HP\AppData\Local\Programs\Swift\Toolchains\5.10.1+Asserts\usr\bin;C:\Program Files\MySQL\MySQL Shell 8.0\bin\;C:\Program Files\Java\jdk-17;C:\Windows\System32;C:\Users\HP\AppData\Local\Programs\Microsoft VS Code\bin;%IntelliJ IDEA%;C:\Users\HP\AppData\Roaming\npm;C:\Program Files\JetBrains\IntelliJ IDEA Community Edition 2024.1.4\bin;;C:\MinGW\bin;C:\Users\HP\.dotnet\tools;C:\Program Files\php;C:\Users\HP\AppData\Local\Programs\Swift\Runtimes\5.10.1\usr\bin\;C:\Users\HP\AppData\Local\Programs\Swift\Toolchains\5.10.1+Asserts\usr\bin\;C:\Users\HP\AppData\Local\Programs\Swift\Tools\5.10.1\;C:\Users\HP\AppData\Local\Programs\Swift\Toolchains\5.10.1+Asserts\usr\bin;
USERNAME=HP
OS=Windows_NT
PROCESSOR_IDENTIFIER=Intel64 Family 6 Model 142 Stepping 9, GenuineIntel



---------------  S Y S T E M  ---------------

OS:
 Windows 10 , 64 bit Build 19041 (10.0.19041.4717)
OS uptime: 0 days 6:35 hours

CPU: total 4 (initial active 4) (2 cores per cpu, 2 threads per core) family 6 model 142 stepping 9 microcode 0xb4, cx8, cmov, fxsr, ht, mmx, 3dnowpref, sse, sse2, sse3, ssse3, sse4.1, sse4.2, popcnt, lzcnt, tsc, tscinvbit, avx, avx2, aes, erms, clmul, bmi1, bmi2, adx, fma, vzeroupper, clflush, clflushopt

Memory: 4k page, system-wide physical 4011M (296M free)
TotalPageFile size 10155M (AvailPageFile size 2M)
current process WorkingSet (physical memory assigned to process): 194M, peak: 194M
current process commit charge ("private bytes"): 225M, peak: 225M

vm_info: Java HotSpot(TM) 64-Bit Server VM (17.0.10+11-LTS-240) for windows-amd64 JRE (17.0.10+11-LTS-240), built on Dec 19 2023 21:47:25 by "mach5one" with MS VC++ 17.1 (VS2022)

END.
